#
# There is insufficient memory for the Java Runtime Environment to continue.
# Native memory allocation (mmap) failed to map 112197632 bytes for committing reserved memory.
# Possible reasons:
#   The system is out of physical RAM or swap space
#   In 32 bit mode, the process size limit was hit
# Possible solutions:
#   Reduce memory load on the system
#   Increase physical memory or swap space
#   Check if swap backing store is full
#   Use 64 bit Java on a 64 bit OS
#   Decrease Java heap size (-Xmx/-Xms)
#   Decrease number of Java threads
#   Decrease Java thread stack sizes (-Xss)
#   Set larger code cache with -XX:ReservedCodeCacheSize=
# This output file may be truncated or incomplete.
#
#  Out of Memory Error (os_linux.cpp:2627), pid=22742, tid=0x00007f38491f1700
#
# JRE version: Java(TM) SE Runtime Environment (8.0_101-b13) (build 1.8.0_101-b13)
# Java VM: Java HotSpot(TM) 64-Bit Server VM (25.101-b13 mixed mode linux-amd64 compressed oops)
# Failed to write core dump. Core dumps have been disabled. To enable core dumping, try "ulimit -c unlimited" before starting Java again
#

---------------  T H R E A D  ---------------

Current thread (0x00007f3860078000):  VMThread [stack: 0x00007f38490f1000,0x00007f38491f2000] [id=22752]

Stack: [0x00007f38490f1000,0x00007f38491f2000],  sp=0x00007f38491f0220,  free space=1020k
Native frames: (J=compiled Java code, j=interpreted, Vv=VM code, C=native code)
V  [libjvm.so+0xac3f0a]  VMError::report_and_die()+0x2ba
V  [libjvm.so+0x4fbf9b]  report_vm_out_of_memory(char const*, int, unsigned long, VMErrorType, char const*)+0x8b
V  [libjvm.so+0x9222d3]  os::Linux::commit_memory_impl(char*, unsigned long, bool)+0x103
V  [libjvm.so+0x922829]  os::pd_commit_memory(char*, unsigned long, unsigned long, bool)+0x29
V  [libjvm.so+0x91cb2a]  os::commit_memory(char*, unsigned long, unsigned long, bool)+0x2a
V  [libjvm.so+0x991053]  PSVirtualSpace::expand_by(unsigned long)+0x53
V  [libjvm.so+0x992458]  PSYoungGen::resize_generation(unsigned long, unsigned long)+0xf8
V  [libjvm.so+0x9915b2]  PSYoungGen::resize(unsigned long, unsigned long)+0x22
V  [libjvm.so+0x98e88b]  PSScavenge::invoke_no_policy()+0xf3b
V  [libjvm.so+0x98f011]  PSScavenge::invoke()+0x41
V  [libjvm.so+0x945fc0]  ParallelScavengeHeap::failed_mem_allocate(unsigned long)+0x70
V  [libjvm.so+0xac5927]  VM_ParallelGCFailedAllocation::doit()+0x97
V  [libjvm.so+0xacd405]  VM_Operation::evaluate()+0x55
V  [libjvm.so+0xacb7da]  VMThread::evaluate_operation(VM_Operation*)+0xba
V  [libjvm.so+0xacbb5e]  VMThread::loop()+0x1ce
V  [libjvm.so+0xacbfd0]  VMThread::run()+0x70
V  [libjvm.so+0x924698]  java_start(Thread*)+0x108

VM_Operation (0x00007f3848209950): ParallelGCFailedAllocation, mode: safepoint, requested by thread 0x00007f3860149000


---------------  P R O C E S S  ---------------

Java Threads: ( => current thread )
  0x00007f3860149000 JavaThread "pool-1-thread-4" [_thread_blocked, id=22785, stack(0x00007f384810b000,0x00007f384820c000)]
  0x00007f3860147000 JavaThread "pool-1-thread-3" [_thread_blocked, id=22784, stack(0x00007f384820c000,0x00007f384830d000)]
  0x00007f3860146000 JavaThread "pool-1-thread-2" [_thread_blocked, id=22783, stack(0x00007f384830d000,0x00007f384840e000)]
  0x00007f3860139000 JavaThread "pool-2-thread-1" [_thread_blocked, id=22782, stack(0x00007f384840e000,0x00007f384850f000)]
  0x00007f3860137000 JavaThread "pool-1-thread-1" [_thread_blocked, id=22781, stack(0x00007f384850f000,0x00007f3848610000)]
  0x00007f38600c1000 JavaThread "Service Thread" daemon [_thread_blocked, id=22759, stack(0x00007f3848711000,0x00007f3848812000)]
  0x00007f38600be000 JavaThread "C1 CompilerThread2" daemon [_thread_blocked, id=22758, stack(0x00007f3848812000,0x00007f3848913000)]
  0x00007f38600bc000 JavaThread "C2 CompilerThread1" daemon [_thread_blocked, id=22757, stack(0x00007f3848913000,0x00007f3848a14000)]
  0x00007f38600b9800 JavaThread "C2 CompilerThread0" daemon [_thread_blocked, id=22756, stack(0x00007f3848a14000,0x00007f3848b15000)]
  0x00007f38600b8000 JavaThread "Signal Dispatcher" daemon [_thread_blocked, id=22755, stack(0x00007f3848b15000,0x00007f3848c16000)]
  0x00007f3860084000 JavaThread "Finalizer" daemon [_thread_blocked, id=22754, stack(0x00007f3848eef000,0x00007f3848ff0000)]
  0x00007f386007f800 JavaThread "Reference Handler" daemon [_thread_blocked, id=22753, stack(0x00007f3848ff0000,0x00007f38490f1000)]
  0x00007f386000a000 JavaThread "main" [_thread_blocked, id=22744, stack(0x00007f3867802000,0x00007f3867903000)]

Other Threads:
=>0x00007f3860078000 VMThread [stack: 0x00007f38490f1000,0x00007f38491f2000] [id=22752]
  0x00007f38600c3800 WatcherThread [stack: 0x00007f3848610000,0x00007f3848711000] [id=22760]

VM state:at safepoint (normal execution)

VM Mutex/Monitor currently owned by a thread:  ([mutex/lock_event])
[0x00007f38600064f0] Threads_lock - owner thread: 0x00007f3860078000
[0x00007f38600069f0] Heap_lock - owner thread: 0x00007f3860149000

Heap:
 PSYoungGen      total 212992K, used 23549K [0x00000000eab00000, 0x00000000f9500000, 0x0000000100000000)
  eden space 189440K, 0% used [0x00000000eab00000,0x00000000eab00000,0x00000000f6400000)
  from space 23552K, 99% used [0x00000000f6400000,0x00000000f7aff570,0x00000000f7b00000)
  to   space 20480K, 0% used [0x00000000f7b00000,0x00000000f7b00000,0x00000000f8f00000)
 ParOldGen       total 62976K, used 53300K [0x00000000c0000000, 0x00000000c3d80000, 0x00000000eab00000)
  object space 62976K, 84% used [0x00000000c0000000,0x00000000c340d178,0x00000000c3d80000)
 Metaspace       used 6454K, capacity 7256K, committed 7424K, reserved 1056768K
  class space    used 615K, capacity 656K, committed 768K, reserved 1048576K

Card table byte_map: [0x00007f38643b1000,0x00007f38645b2000] byte_map_base: 0x00007f3863db1000

Marking Bits: (ParMarkBitMap*) 0x00007f3866cda120
 Begin Bits: [0x00007f384a000000, 0x00007f384b000000)
 End Bits:   [0x00007f384b000000, 0x00007f384c000000)

Polling page: 0x00007f3867929000

CodeCache: size=245760Kb used=7664Kb max_used=7664Kb free=238095Kb
 bounds [0x00007f3851000000, 0x00007f3851790000, 0x00007f3860000000]
 total_blobs=2317 nmethods=2048 adapters=182
 compilation: enabled

Compilation events (10 events):
Event: 10.267 Thread 0x00007f38600be000 2393       2       com.android.dx.util.Bits::bitCount (29 bytes)
Event: 10.267 Thread 0x00007f38600be000 nmethod 2393 0x00007f385175e850 code [0x00007f385175e9c0, 0x00007f385175eba8]
Event: 10.269 Thread 0x00007f38600be000 2394       2       com.android.dx.dex.cf.AttributeTranslator::translateEnclosingMethod (50 bytes)
Event: 10.270 Thread 0x00007f38600be000 nmethod 2394 0x00007f3851759a50 code [0x00007f3851759c40, 0x00007f385175a1c8]
Event: 10.278 Thread 0x00007f38600be000 2395       3       com.android.dx.ssa.SsaRenamer$BlockRenamer::process (191 bytes)
Event: 10.281 Thread 0x00007f38600be000 nmethod 2395 0x00007f385177c890 code [0x00007f385177cbe0, 0x00007f385177e8d8]
Event: 10.391 Thread 0x00007f38600be000 2397       2       com.android.dx.cf.code.BaseMachine::auxCstArg (20 bytes)
Event: 10.392 Thread 0x00007f38600be000 nmethod 2397 0x00007f385175e410 code [0x00007f385175e580, 0x00007f385175e788]
Event: 10.397 Thread 0x00007f38600be000 2398       2       com.android.dx.ssa.back.FirstFitLocalCombiningAllocator::fitPlanForRange (250 bytes)
Event: 10.402 Thread 0x00007f38600be000 nmethod 2398 0x00007f385177f950 code [0x00007f385177fbe0, 0x00007f3851780638]

GC Heap History (10 events):
Event: 3.228 GC heap after
Heap after GC invocations=2 (full 0):
 PSYoungGen      total 51712K, used 3552K [0x00000000eab00000, 0x00000000ee100000, 0x0000000100000000)
  eden space 48128K, 0% used [0x00000000eab00000,0x00000000eab00000,0x00000000eda00000)
  from space 3584K, 99% used [0x00000000edd80000,0x00000000ee0f8168,0x00000000ee100000)
  to   space 3584K, 0% used [0x00000000eda00000,0x00000000eda00000,0x00000000edd80000)
 ParOldGen       total 62976K, used 2707K [0x00000000c0000000, 0x00000000c3d80000, 0x00000000eab00000)
  object space 62976K, 4% used [0x00000000c0000000,0x00000000c02a4dc0,0x00000000c3d80000)
 Metaspace       used 5816K, capacity 6768K, committed 7040K, reserved 1056768K
  class space    used 594K, capacity 616K, committed 640K, reserved 1048576K
}
Event: 4.298 GC heap before
{Heap before GC invocations=3 (full 0):
 PSYoungGen      total 51712K, used 51680K [0x00000000eab00000, 0x00000000ee100000, 0x0000000100000000)
  eden space 48128K, 100% used [0x00000000eab00000,0x00000000eda00000,0x00000000eda00000)
  from space 3584K, 99% used [0x00000000edd80000,0x00000000ee0f8168,0x00000000ee100000)
  to   space 3584K, 0% used [0x00000000eda00000,0x00000000eda00000,0x00000000edd80000)
 ParOldGen       total 62976K, used 2707K [0x00000000c0000000, 0x00000000c3d80000, 0x00000000eab00000)
  object space 62976K, 4% used [0x00000000c0000000,0x00000000c02a4dc0,0x00000000c3d80000)
 Metaspace       used 5883K, capacity 6832K, committed 7040K, reserved 1056768K
  class space    used 595K, capacity 616K, committed 640K, reserved 1048576K
Event: 4.391 GC heap after
Heap after GC invocations=3 (full 0):
 PSYoungGen      total 51712K, used 3574K [0x00000000eab00000, 0x00000000f1000000, 0x0000000100000000)
  eden space 48128K, 0% used [0x00000000eab00000,0x00000000eab00000,0x00000000eda00000)
  from space 3584K, 99% used [0x00000000eda00000,0x00000000edd7db28,0x00000000edd80000)
  to   space 3584K, 0% used [0x00000000f0c80000,0x00000000f0c80000,0x00000000f1000000)
 ParOldGen       total 62976K, used 10113K [0x00000000c0000000, 0x00000000c3d80000, 0x00000000eab00000)
  object space 62976K, 16% used [0x00000000c0000000,0x00000000c09e0610,0x00000000c3d80000)
 Metaspace       used 5883K, capacity 6832K, committed 7040K, reserved 1056768K
  class space    used 595K, capacity 616K, committed 640K, reserved 1048576K
}
Event: 5.121 GC heap before
{Heap before GC invocations=4 (full 0):
 PSYoungGen      total 51712K, used 51702K [0x00000000eab00000, 0x00000000f1000000, 0x0000000100000000)
  eden space 48128K, 100% used [0x00000000eab00000,0x00000000eda00000,0x00000000eda00000)
  from space 3584K, 99% used [0x00000000eda00000,0x00000000edd7db28,0x00000000edd80000)
  to   space 3584K, 0% used [0x00000000f0c80000,0x00000000f0c80000,0x00000000f1000000)
 ParOldGen       total 62976K, used 10113K [0x00000000c0000000, 0x00000000c3d80000, 0x00000000eab00000)
  object space 62976K, 16% used [0x00000000c0000000,0x00000000c09e0610,0x00000000c3d80000)
 Metaspace       used 5938K, capacity 6896K, committed 7040K, reserved 1056768K
  class space    used 595K, capacity 616K, committed 640K, reserved 1048576K
Event: 5.270 GC heap after
Heap after GC invocations=4 (full 0):
 PSYoungGen      total 99840K, used 3576K [0x00000000eab00000, 0x00000000f1000000, 0x0000000100000000)
  eden space 96256K, 0% used [0x00000000eab00000,0x00000000eab00000,0x00000000f0900000)
  from space 3584K, 99% used [0x00000000f0c80000,0x00000000f0ffe2a8,0x00000000f1000000)
  to   space 3584K, 0% used [0x00000000f0900000,0x00000000f0900000,0x00000000f0c80000)
 ParOldGen       total 62976K, used 17708K [0x00000000c0000000, 0x00000000c3d80000, 0x00000000eab00000)
  object space 62976K, 28% used [0x00000000c0000000,0x00000000c114b3b0,0x00000000c3d80000)
 Metaspace       used 5938K, capacity 6896K, committed 7040K, reserved 1056768K
  class space    used 595K, capacity 616K, committed 640K, reserved 1048576K
}
Event: 7.141 GC heap before
{Heap before GC invocations=5 (full 0):
 PSYoungGen      total 99840K, used 99832K [0x00000000eab00000, 0x00000000f1000000, 0x0000000100000000)
  eden space 96256K, 100% used [0x00000000eab00000,0x00000000f0900000,0x00000000f0900000)
  from space 3584K, 99% used [0x00000000f0c80000,0x00000000f0ffe2a8,0x00000000f1000000)
  to   space 3584K, 0% used [0x00000000f0900000,0x00000000f0900000,0x00000000f0c80000)
 ParOldGen       total 62976K, used 17708K [0x00000000c0000000, 0x00000000c3d80000, 0x00000000eab00000)
  object space 62976K, 28% used [0x00000000c0000000,0x00000000c114b3b0,0x00000000c3d80000)
 Metaspace       used 6067K, capacity 7024K, committed 7296K, reserved 1056768K
  class space    used 595K, capacity 616K, committed 640K, reserved 1048576K
Event: 7.262 GC heap after
Heap after GC invocations=5 (full 0):
 PSYoungGen      total 99840K, used 3571K [0x00000000eab00000, 0x00000000f8f00000, 0x0000000100000000)
  eden space 96256K, 0% used [0x00000000eab00000,0x00000000eab00000,0x00000000f0900000)
  from space 3584K, 99% used [0x00000000f0900000,0x00000000f0c7cf90,0x00000000f0c80000)
  to   space 20480K, 0% used [0x00000000f7b00000,0x00000000f7b00000,0x00000000f8f00000)
 ParOldGen       total 62976K, used 32467K [0x00000000c0000000, 0x00000000c3d80000, 0x00000000eab00000)
  object space 62976K, 51% used [0x00000000c0000000,0x00000000c1fb4f38,0x00000000c3d80000)
 Metaspace       used 6067K, capacity 7024K, committed 7296K, reserved 1056768K
  class space    used 595K, capacity 616K, committed 640K, reserved 1048576K
}
Event: 8.153 GC heap before
{Heap before GC invocations=6 (full 0):
 PSYoungGen      total 99840K, used 99827K [0x00000000eab00000, 0x00000000f8f00000, 0x0000000100000000)
  eden space 96256K, 100% used [0x00000000eab00000,0x00000000f0900000,0x00000000f0900000)
  from space 3584K, 99% used [0x00000000f0900000,0x00000000f0c7cf90,0x00000000f0c80000)
  to   space 20480K, 0% used [0x00000000f7b00000,0x00000000f7b00000,0x00000000f8f00000)
 ParOldGen       total 62976K, used 32467K [0x00000000c0000000, 0x00000000c3d80000, 0x00000000eab00000)
  object space 62976K, 51% used [0x00000000c0000000,0x00000000c1fb4f38,0x00000000c3d80000)
 Metaspace       used 6251K, capacity 7128K, committed 7424K, reserved 1056768K
  class space    used 615K, capacity 656K, committed 768K, reserved 1048576K
Event: 8.279 GC heap after
Heap after GC invocations=6 (full 0):
 PSYoungGen      total 209920K, used 18129K [0x00000000eab00000, 0x00000000f9500000, 0x0000000100000000)
  eden space 189440K, 0% used [0x00000000eab00000,0x00000000eab00000,0x00000000f6400000)
  from space 20480K, 88% used [0x00000000f7b00000,0x00000000f8cb4500,0x00000000f8f00000)
  to   space 23552K, 0% used [0x00000000f6400000,0x00000000f6400000,0x00000000f7b00000)
 ParOldGen       total 62976K, used 32467K [0x00000000c0000000, 0x00000000c3d80000, 0x00000000eab00000)
  object space 62976K, 51% used [0x00000000c0000000,0x00000000c1fb4f38,0x00000000c3d80000)
 Metaspace       used 6251K, capacity 7128K, committed 7424K, reserved 1056768K
  class space    used 615K, capacity 656K, committed 768K, reserved 1048576K
}
Event: 10.408 GC heap before
{Heap before GC invocations=7 (full 0):
 PSYoungGen      total 209920K, used 207569K [0x00000000eab00000, 0x00000000f9500000, 0x0000000100000000)
  eden space 189440K, 100% used [0x00000000eab00000,0x00000000f6400000,0x00000000f6400000)
  from space 20480K, 88% used [0x00000000f7b00000,0x00000000f8cb4500,0x00000000f8f00000)
  to   space 23552K, 0% used [0x00000000f6400000,0x00000000f6400000,0x00000000f7b00000)
 ParOldGen       total 62976K, used 32467K [0x00000000c0000000, 0x00000000c3d80000, 0x00000000eab00000)
  object space 62976K, 51% used [0x00000000c0000000,0x00000000c1fb4f38,0x00000000c3d80000)
 Metaspace       used 6454K, capacity 7256K, committed 7424K, reserved 1056768K
  class space    used 615K, capacity 656K, committed 768K, reserved 1048576K

Deoptimization events (10 events):
Event: 6.112 Thread 0x00007f3860137000 Uncommon trap: reason=unstable_if action=reinterpret pc=0x00007f3851459494 method=com.android.dx.ssa.SCCP.simulateStmt(Lcom/android/dx/ssa/SsaInsn;)V @ 53
Event: 6.181 Thread 0x00007f3860137000 Uncommon trap: reason=class_check action=maybe_recompile pc=0x00007f3851364098 method=java.util.HashMap.putVal(ILjava/lang/Object;Ljava/lang/Object;ZZ)Ljava/lang/Object; @ 203
Event: 7.612 Thread 0x00007f3860149000 Uncommon trap: reason=unstable_if action=reinterpret pc=0x00007f385156c5c8 method=java.util.HashMap.putVal(ILjava/lang/Object;Ljava/lang/Object;ZZ)Ljava/lang/Object; @ 94
Event: 7.632 Thread 0x00007f3860146000 Uncommon trap: reason=unstable_if action=reinterpret pc=0x00007f38512f197c method=java.util.HashMap.putVal(ILjava/lang/Object;Ljava/lang/Object;ZZ)Ljava/lang/Object; @ 162
Event: 7.648 Thread 0x00007f3860146000 Uncommon trap: reason=unstable_if action=reinterpret pc=0x00007f38513a38ac method=java.util.HashMap.getNode(ILjava/lang/Object;)Ljava/util/HashMap$Node; @ 84
Event: 7.944 Thread 0x00007f3860149000 Uncommon trap: reason=bimorphic action=maybe_recompile pc=0x00007f38515bf568 method=com.android.dx.cf.code.BytecodeArray.parseInstruction(ILcom/android/dx/cf/code/BytecodeArray$Visitor;)I @ 1501
Event: 7.945 Thread 0x00007f3860149000 Uncommon trap: reason=bimorphic action=maybe_recompile pc=0x00007f38515bf568 method=com.android.dx.cf.code.BytecodeArray.parseInstruction(ILcom/android/dx/cf/code/BytecodeArray$Visitor;)I @ 1501
Event: 7.947 Thread 0x00007f3860149000 Uncommon trap: reason=bimorphic action=maybe_recompile pc=0x00007f38515bf568 method=com.android.dx.cf.code.BytecodeArray.parseInstruction(ILcom/android/dx/cf/code/BytecodeArray$Visitor;)I @ 1501
Event: 7.948 Thread 0x00007f3860149000 Uncommon trap: reason=bimorphic action=maybe_recompile pc=0x00007f38515bf568 method=com.android.dx.cf.code.BytecodeArray.parseInstruction(ILcom/android/dx/cf/code/BytecodeArray$Visitor;)I @ 1501
Event: 10.277 Thread 0x00007f3860149000 Uncommon trap: reason=unstable_if action=reinterpret pc=0x00007f385176c1e8 method=com.android.dx.ssa.SsaRenamer$BlockRenamer.visitMoveInsn(Lcom/android/dx/ssa/NormalSsaInsn;)V @ 104

Internal exceptions (5 events):
Event: 0.234 Thread 0x00007f386000a000 Exception <a 'java/lang/NoSuchMethodError': Method sun.misc.Unsafe.defineClass(Ljava/lang/String;[BII)Ljava/lang/Class; name or signature does not match> (0x00000000eab07cc0) thrown at [/HUDSON3/workspace/8-2-build-linux-amd64/jdk8u101/7261/hotspot/src/sh
Event: 0.234 Thread 0x00007f386000a000 Exception <a 'java/lang/NoSuchMethodError': Method sun.misc.Unsafe.prefetchRead(Ljava/lang/Object;J)V name or signature does not match> (0x00000000eab07fa8) thrown at [/HUDSON3/workspace/8-2-build-linux-amd64/jdk8u101/7261/hotspot/src/share/vm/prims/jni.c
Event: 7.634 Thread 0x00007f3860146000 Exception <a 'java/lang/ArrayIndexOutOfBoundsException': 18> (0x00000000ed967ac8) thrown at [/HUDSON3/workspace/8-2-build-linux-amd64/jdk8u101/7261/hotspot/src/share/vm/interpreter/interpreterRuntime.cpp, line 366]
Event: 7.634 Thread 0x00007f3860146000 Exception <a 'java/lang/ArrayIndexOutOfBoundsException': 145> (0x00000000ed969648) thrown at [/HUDSON3/workspace/8-2-build-linux-amd64/jdk8u101/7261/hotspot/src/share/vm/interpreter/interpreterRuntime.cpp, line 366]
Event: 7.647 Thread 0x00007f3860146000 Exception <a 'java/lang/ArrayIndexOutOfBoundsException': 40> (0x00000000ed96a930) thrown at [/HUDSON3/workspace/8-2-build-linux-amd64/jdk8u101/7261/hotspot/src/share/vm/interpreter/interpreterRuntime.cpp, line 366]

Events (10 events):
Event: 9.982 Thread 0x00007f386000a000 DEOPT PACKING pc=0x00007f385167525f sp=0x00007f38679011f0
Event: 9.982 Thread 0x00007f386000a000 DEOPT UNPACKING pc=0x00007f3851047633 sp=0x00007f3867900f10 mode 0
Event: 10.140 Thread 0x00007f3860147000 DEOPT PACKING pc=0x00007f38514dcd1b sp=0x00007f384830af90
Event: 10.140 Thread 0x00007f3860147000 DEOPT UNPACKING pc=0x00007f3851047633 sp=0x00007f384830acf0 mode 0
Event: 10.231 Thread 0x00007f3860146000 DEOPT PACKING pc=0x00007f3851392eac sp=0x00007f384840c1d0
Event: 10.231 Thread 0x00007f3860146000 DEOPT UNPACKING pc=0x00007f3851047633 sp=0x00007f384840bed0 mode 0
Event: 10.277 Thread 0x00007f3860149000 Uncommon trap: trap_request=0xffffff65 fr.pc=0x00007f385176c1e8
Event: 10.277 Thread 0x00007f3860149000 DEOPT PACKING pc=0x00007f385176c1e8 sp=0x00007f3848209c30
Event: 10.277 Thread 0x00007f3860149000 DEOPT UNPACKING pc=0x00007f3851005229 sp=0x00007f3848209af0 mode 2
Event: 10.406 Executing VM operation: ParallelGCFailedAllocation


Dynamic libraries:
00400000-00401000 r-xp 00000000 08:07 529146                             /usr/lib/jvm/java-8-oracle/bin/java
00600000-00601000 rw-p 00000000 08:07 529146                             /usr/lib/jvm/java-8-oracle/bin/java
02034000-02055000 rw-p 00000000 00:00 0                                  [heap]
c0000000-c3d80000 rw-p 00000000 00:00 0 
c3d80000-eab00000 ---p 00000000 00:00 0 
eab00000-f9500000 rw-p 00000000 00:00 0 
100000000-1000c0000 rw-p 00000000 00:00 0 
1000c0000-140000000 ---p 00000000 00:00 0 
7f3804000000-7f3804022000 rw-p 00000000 00:00 0 
7f3804022000-7f3808000000 ---p 00000000 00:00 0 
7f3808000000-7f3808021000 rw-p 00000000 00:00 0 
7f3808021000-7f380c000000 ---p 00000000 00:00 0 
7f380c000000-7f380c021000 rw-p 00000000 00:00 0 
7f380c021000-7f3810000000 ---p 00000000 00:00 0 
7f3810000000-7f3810021000 rw-p 00000000 00:00 0 
7f3810021000-7f3814000000 ---p 00000000 00:00 0 
7f3814000000-7f3814021000 rw-p 00000000 00:00 0 
7f3814021000-7f3818000000 ---p 00000000 00:00 0 
7f3818000000-7f381802c000 rw-p 00000000 00:00 0 
7f381802c000-7f381c000000 ---p 00000000 00:00 0 
7f381c000000-7f381ccb2000 rw-p 00000000 00:00 0 
7f381ccb2000-7f3820000000 ---p 00000000 00:00 0 
7f3820000000-7f3820021000 rw-p 00000000 00:00 0 
7f3820021000-7f3824000000 ---p 00000000 00:00 0 
7f3824000000-7f3824b06000 rw-p 00000000 00:00 0 
7f3824b06000-7f3828000000 ---p 00000000 00:00 0 
7f3828000000-7f3828dd5000 rw-p 00000000 00:00 0 
7f3828dd5000-7f382c000000 ---p 00000000 00:00 0 
7f382c000000-7f382c021000 rw-p 00000000 00:00 0 
7f382c021000-7f3830000000 ---p 00000000 00:00 0 
7f3830000000-7f3830021000 rw-p 00000000 00:00 0 
7f3830021000-7f3834000000 ---p 00000000 00:00 0 
7f3834000000-7f383428e000 rw-p 00000000 00:00 0 
7f383428e000-7f3838000000 ---p 00000000 00:00 0 
7f3838000000-7f3838021000 rw-p 00000000 00:00 0 
7f3838021000-7f383c000000 ---p 00000000 00:00 0 
7f383c000000-7f383c021000 rw-p 00000000 00:00 0 
7f383c021000-7f3840000000 ---p 00000000 00:00 0 
7f3840000000-7f3840021000 rw-p 00000000 00:00 0 
7f3840021000-7f3844000000 ---p 00000000 00:00 0 
7f3844000000-7f3844021000 rw-p 00000000 00:00 0 
7f3844021000-7f3848000000 ---p 00000000 00:00 0 
7f384810b000-7f384810e000 ---p 00000000 00:00 0 
7f384810e000-7f384820c000 rw-p 00000000 00:00 0 
7f384820c000-7f384820f000 ---p 00000000 00:00 0 
7f384820f000-7f384830d000 rw-p 00000000 00:00 0 
7f384830d000-7f3848310000 ---p 00000000 00:00 0 
7f3848310000-7f384840e000 rw-p 00000000 00:00 0 
7f384840e000-7f3848411000 ---p 00000000 00:00 0 
7f3848411000-7f384850f000 rw-p 00000000 00:00 0 
7f384850f000-7f3848512000 ---p 00000000 00:00 0 
7f3848512000-7f3848610000 rw-p 00000000 00:00 0 
7f3848610000-7f3848611000 ---p 00000000 00:00 0 
7f3848611000-7f3848711000 rw-p 00000000 00:00 0 
7f3848711000-7f3848714000 ---p 00000000 00:00 0 
7f3848714000-7f3848812000 rw-p 00000000 00:00 0 
7f3848812000-7f3848815000 ---p 00000000 00:00 0 
7f3848815000-7f3848913000 rw-p 00000000 00:00 0 
7f3848913000-7f3848916000 ---p 00000000 00:00 0 
7f3848916000-7f3848a14000 rw-p 00000000 00:00 0 
7f3848a14000-7f3848a17000 ---p 00000000 00:00 0 
7f3848a17000-7f3848b15000 rw-p 00000000 00:00 0 
7f3848b15000-7f3848b18000 ---p 00000000 00:00 0 
7f3848b18000-7f3848c16000 rw-p 00000000 00:00 0 
7f3848c16000-7f3848eef000 r--p 00000000 08:07 401873                     /usr/lib/locale/locale-archive
7f3848eef000-7f3848ef2000 ---p 00000000 00:00 0 
7f3848ef2000-7f3848ff0000 rw-p 00000000 00:00 0 
7f3848ff0000-7f3848ff3000 ---p 00000000 00:00 0 
7f3848ff3000-7f38490f1000 rw-p 00000000 00:00 0 
7f38490f1000-7f38490f2000 ---p 00000000 00:00 0 
7f38490f2000-7f384c000000 rw-p 00000000 00:00 0 
7f384c000000-7f384c021000 rw-p 00000000 00:00 0 
7f384c021000-7f3850000000 ---p 00000000 00:00 0 
7f3850034000-7f385004b000 r--s 00101000 08:08 1330663                    /home/m45/AndroidStudioProjects/MoviesBrowser/app/build/intermediates/exploded-aar/com.android.support/support-v4/24.0.0/jars/classes.jar
7f385004b000-7f38501af000 rw-p 00000000 00:00 0 
7f38501af000-7f3850388000 r--s 03d29000 08:07 529178                     /usr/lib/jvm/java-8-oracle/jre/lib/rt.jar
7f3850388000-7f3850a7e000 rw-p 00000000 00:00 0 
7f3850a7e000-7f3850bfe000 ---p 00000000 00:00 0 
7f3850bfe000-7f3850dfe000 rw-p 00000000 00:00 0 
7f3850dfe000-7f3850dff000 ---p 00000000 00:00 0 
7f3850dff000-7f3850eff000 rw-p 00000000 00:00 0 
7f3850eff000-7f3850f00000 ---p 00000000 00:00 0 
7f3850f00000-7f3851000000 rw-p 00000000 00:00 0 
7f3851000000-7f3851790000 rwxp 00000000 00:00 0 
7f3851790000-7f3860000000 ---p 00000000 00:00 0 
7f3860000000-7f386038e000 rw-p 00000000 00:00 0 
7f386038e000-7f3864000000 ---p 00000000 00:00 0 
7f3864009000-7f3864017000 r--s 000e0000 08:08 1323458                    /home/m45/Android/Sdk/build-tools/24.0.0/lib/dx.jar
7f3864017000-7f3864059000 rw-p 00000000 00:00 0 
7f3864059000-7f386405a000 ---p 00000000 00:00 0 
7f386405a000-7f386415a000 rw-p 00000000 00:00 0 
7f386415a000-7f386415b000 ---p 00000000 00:00 0 
7f386415b000-7f386427a000 rw-p 00000000 00:00 0 
7f386427a000-7f38643b1000 ---p 00000000 00:00 0 
7f38643b1000-7f38643d0000 rw-p 00000000 00:00 0 
7f38643d0000-7f3864506000 ---p 00000000 00:00 0 
7f3864506000-7f386457c000 rw-p 00000000 00:00 0 
7f386457c000-7f38645b1000 ---p 00000000 00:00 0 
7f38645b1000-7f38645d1000 rw-p 00000000 00:00 0 
7f38645d1000-7f3864972000 ---p 00000000 00:00 0 
7f3864972000-7f386498c000 r-xp 00000000 08:07 800978                     /usr/lib/jvm/java-8-oracle/jre/lib/amd64/libzip.so
7f386498c000-7f3864b8c000 ---p 0001a000 08:07 800978                     /usr/lib/jvm/java-8-oracle/jre/lib/amd64/libzip.so
7f3864b8c000-7f3864b8d000 rw-p 0001a000 08:07 800978                     /usr/lib/jvm/java-8-oracle/jre/lib/amd64/libzip.so
7f3864b8d000-7f3864b98000 r-xp 00000000 08:07 1053975                    /lib/x86_64-linux-gnu/libnss_files-2.23.so
7f3864b98000-7f3864d97000 ---p 0000b000 08:07 1053975                    /lib/x86_64-linux-gnu/libnss_files-2.23.so
7f3864d97000-7f3864d98000 r--p 0000a000 08:07 1053975                    /lib/x86_64-linux-gnu/libnss_files-2.23.so
7f3864d98000-7f3864d99000 rw-p 0000b000 08:07 1053975                    /lib/x86_64-linux-gnu/libnss_files-2.23.so
7f3864d99000-7f3864d9f000 rw-p 00000000 00:00 0 
7f3864d9f000-7f3864daa000 r-xp 00000000 08:07 1053985                    /lib/x86_64-linux-gnu/libnss_nis-2.23.so
7f3864daa000-7f3864fa9000 ---p 0000b000 08:07 1053985                    /lib/x86_64-linux-gnu/libnss_nis-2.23.so
7f3864fa9000-7f3864faa000 r--p 0000a000 08:07 1053985                    /lib/x86_64-linux-gnu/libnss_nis-2.23.so
7f3864faa000-7f3864fab000 rw-p 0000b000 08:07 1053985                    /lib/x86_64-linux-gnu/libnss_nis-2.23.so
7f3864fab000-7f3864fc1000 r-xp 00000000 08:07 1053969                    /lib/x86_64-linux-gnu/libnsl-2.23.so
7f3864fc1000-7f38651c0000 ---p 00016000 08:07 1053969                    /lib/x86_64-linux-gnu/libnsl-2.23.so
7f38651c0000-7f38651c1000 r--p 00015000 08:07 1053969                    /lib/x86_64-linux-gnu/libnsl-2.23.so
7f38651c1000-7f38651c2000 rw-p 00016000 08:07 1053969                    /lib/x86_64-linux-gnu/libnsl-2.23.so
7f38651c2000-7f38651c4000 rw-p 00000000 00:00 0 
7f38651c4000-7f38651cc000 r-xp 00000000 08:07 1053971                    /lib/x86_64-linux-gnu/libnss_compat-2.23.so
7f38651cc000-7f38653cb000 ---p 00008000 08:07 1053971                    /lib/x86_64-linux-gnu/libnss_compat-2.23.so
7f38653cb000-7f38653cc000 r--p 00007000 08:07 1053971                    /lib/x86_64-linux-gnu/libnss_compat-2.23.so
7f38653cc000-7f38653cd000 rw-p 00008000 08:07 1053971                    /lib/x86_64-linux-gnu/libnss_compat-2.23.so
7f38653cd000-7f38653f7000 r-xp 00000000 08:07 801002                     /usr/lib/jvm/java-8-oracle/jre/lib/amd64/libjava.so
7f38653f7000-7f38655f7000 ---p 0002a000 08:07 801002                     /usr/lib/jvm/java-8-oracle/jre/lib/amd64/libjava.so
7f38655f7000-7f38655f9000 rw-p 0002a000 08:07 801002                     /usr/lib/jvm/java-8-oracle/jre/lib/amd64/libjava.so
7f38655f9000-7f3865606000 r-xp 00000000 08:07 800958                     /usr/lib/jvm/java-8-oracle/jre/lib/amd64/libverify.so
7f3865606000-7f3865806000 ---p 0000d000 08:07 800958                     /usr/lib/jvm/java-8-oracle/jre/lib/amd64/libverify.so
7f3865806000-7f3865808000 rw-p 0000d000 08:07 800958                     /usr/lib/jvm/java-8-oracle/jre/lib/amd64/libverify.so
7f3865808000-7f386580f000 r-xp 00000000 08:07 1054030                    /lib/x86_64-linux-gnu/librt-2.23.so
7f386580f000-7f3865a0e000 ---p 00007000 08:07 1054030                    /lib/x86_64-linux-gnu/librt-2.23.so
7f3865a0e000-7f3865a0f000 r--p 00006000 08:07 1054030                    /lib/x86_64-linux-gnu/librt-2.23.so
7f3865a0f000-7f3865a10000 rw-p 00007000 08:07 1054030                    /lib/x86_64-linux-gnu/librt-2.23.so
7f3865a10000-7f3865b18000 r-xp 00000000 08:07 1053946                    /lib/x86_64-linux-gnu/libm-2.23.so
7f3865b18000-7f3865d17000 ---p 00108000 08:07 1053946                    /lib/x86_64-linux-gnu/libm-2.23.so
7f3865d17000-7f3865d18000 r--p 00107000 08:07 1053946                    /lib/x86_64-linux-gnu/libm-2.23.so
7f3865d18000-7f3865d19000 rw-p 00108000 08:07 1053946                    /lib/x86_64-linux-gnu/libm-2.23.so
7f3865d19000-7f38669e4000 r-xp 00000000 08:07 943718                     /usr/lib/jvm/java-8-oracle/jre/lib/amd64/server/libjvm.so
7f38669e4000-7f3866be3000 ---p 00ccb000 08:07 943718                     /usr/lib/jvm/java-8-oracle/jre/lib/amd64/server/libjvm.so
7f3866be3000-7f3866cbc000 rw-p 00cca000 08:07 943718                     /usr/lib/jvm/java-8-oracle/jre/lib/amd64/server/libjvm.so
7f3866cbc000-7f3866d07000 rw-p 00000000 00:00 0 
7f3866d07000-7f3866ec7000 r-xp 00000000 08:07 1053876                    /lib/x86_64-linux-gnu/libc-2.23.so
7f3866ec7000-7f38670c6000 ---p 001c0000 08:07 1053876                    /lib/x86_64-linux-gnu/libc-2.23.so
7f38670c6000-7f38670ca000 r--p 001bf000 08:07 1053876                    /lib/x86_64-linux-gnu/libc-2.23.so
7f38670ca000-7f38670cc000 rw-p 001c3000 08:07 1053876                    /lib/x86_64-linux-gnu/libc-2.23.so
7f38670cc000-7f38670d0000 rw-p 00000000 00:00 0 
7f38670d0000-7f38670d3000 r-xp 00000000 08:07 1053900                    /lib/x86_64-linux-gnu/libdl-2.23.so
7f38670d3000-7f38672d2000 ---p 00003000 08:07 1053900                    /lib/x86_64-linux-gnu/libdl-2.23.so
7f38672d2000-7f38672d3000 r--p 00002000 08:07 1053900                    /lib/x86_64-linux-gnu/libdl-2.23.so
7f38672d3000-7f38672d4000 rw-p 00003000 08:07 1053900                    /lib/x86_64-linux-gnu/libdl-2.23.so
7f38672d4000-7f38672e9000 r-xp 00000000 08:07 529046                     /usr/lib/jvm/java-8-oracle/lib/amd64/jli/libjli.so
7f38672e9000-7f38674e9000 ---p 00015000 08:07 529046                     /usr/lib/jvm/java-8-oracle/lib/amd64/jli/libjli.so
7f38674e9000-7f38674ea000 rw-p 00015000 08:07 529046                     /usr/lib/jvm/java-8-oracle/lib/amd64/jli/libjli.so
7f38674ea000-7f3867502000 r-xp 00000000 08:07 1054022                    /lib/x86_64-linux-gnu/libpthread-2.23.so
7f3867502000-7f3867701000 ---p 00018000 08:07 1054022                    /lib/x86_64-linux-gnu/libpthread-2.23.so
7f3867701000-7f3867702000 r--p 00017000 08:07 1054022                    /lib/x86_64-linux-gnu/libpthread-2.23.so
7f3867702000-7f3867703000 rw-p 00018000 08:07 1054022                    /lib/x86_64-linux-gnu/libpthread-2.23.so
7f3867703000-7f3867707000 rw-p 00000000 00:00 0 
7f3867707000-7f386772d000 r-xp 00000000 08:07 1053848                    /lib/x86_64-linux-gnu/ld-2.23.so
7f3867730000-7f3867802000 rw-p 00000000 00:00 0 
7f3867802000-7f3867805000 ---p 00000000 00:00 0 
7f3867805000-7f3867907000 rw-p 00000000 00:00 0 
7f386790c000-7f3867920000 rw-p 00000000 00:00 0 
7f3867920000-7f3867928000 rw-s 00000000 08:07 1214774                    /tmp/hsperfdata_m45/22742
7f3867928000-7f3867929000 rw-p 00000000 00:00 0 
7f3867929000-7f386792a000 ---p 00000000 00:00 0 
7f386792a000-7f386792c000 rw-p 00000000 00:00 0 
7f386792c000-7f386792d000 r--p 00025000 08:07 1053848                    /lib/x86_64-linux-gnu/ld-2.23.so
7f386792d000-7f386792e000 rw-p 00026000 08:07 1053848                    /lib/x86_64-linux-gnu/ld-2.23.so
7f386792e000-7f386792f000 rw-p 00000000 00:00 0 
7ffcfce10000-7ffcfce31000 rw-p 00000000 00:00 0                          [stack]
7ffcfced7000-7ffcfced9000 r--p 00000000 00:00 0                          [vvar]
7ffcfced9000-7ffcfcedb000 r-xp 00000000 00:00 0                          [vdso]
ffffffffff600000-ffffffffff601000 r-xp 00000000 00:00 0                  [vsyscall]

VM Arguments:
jvm_args: -Djava.awt.headless=true -Xmx1024M -Dfile.encoding=UTF-8 -Duser.country=US -Duser.language=en -Duser.variant 
java_command: com.android.dx.command.Main --dex --force-jumbo --num-threads=4 --output /home/m45/AndroidStudioProjects/MoviesBrowser/app/build/intermediates/pre-dexed/debug/com.android.support-support-v4-24.0.0_9dd5a069e788ecc551f0a89a932166f9458e4f5b.jar /home/m45/AndroidStudioProjects/MoviesBrowser/app/build/intermediates/exploded-aar/com.android.support/support-v4/24.0.0/jars/classes.jar
java_class_path (initial): /home/m45/Android/Sdk/build-tools/24.0.0/lib/dx.jar
Launcher Type: SUN_STANDARD

Environment Variables:
PATH=/usr/local/heroku/bin:/home/m45/.rbenv/plugins/ruby-build/bin:/home/m45/.rbenv/shims:/home/m45/.rbenv/bin:/usr/local/sbin:/usr/local/bin:/usr/sbin:/usr/bin:/sbin:/bin:/usr/games:/usr/local/games:/home/m45/.local/share/android-studio/bin:/home/m45/.rbenv/bin:/home/m45/.rbenv/plugins/ruby-build/bin:/home/m45/.rbenv/versions/2.2.2/bin:/home/m45/.local/share/mongodb/bin
USERNAME=m45
LD_LIBRARY_PATH=.:
SHELL=/bin/zsh
DISPLAY=:0

Signal Handlers:
SIGSEGV: [libjvm.so+0xac4790], sa_mask[0]=11111111011111111101111111111110, sa_flags=SA_RESTART|SA_SIGINFO
SIGBUS: [libjvm.so+0xac4790], sa_mask[0]=11111111011111111101111111111110, sa_flags=SA_RESTART|SA_SIGINFO
SIGFPE: [libjvm.so+0x91f140], sa_mask[0]=11111111011111111101111111111110, sa_flags=SA_RESTART|SA_SIGINFO
SIGPIPE: [libjvm.so+0x91f140], sa_mask[0]=11111111011111111101111111111110, sa_flags=SA_RESTART|SA_SIGINFO
SIGXFSZ: [libjvm.so+0x91f140], sa_mask[0]=11111111011111111101111111111110, sa_flags=SA_RESTART|SA_SIGINFO
SIGILL: [libjvm.so+0x91f140], sa_mask[0]=11111111011111111101111111111110, sa_flags=SA_RESTART|SA_SIGINFO
SIGUSR1: SIG_DFL, sa_mask[0]=00000000000000000000000000000000, sa_flags=none
SIGUSR2: [libjvm.so+0x920770], sa_mask[0]=00100000000000000000000000000000, sa_flags=SA_RESTART|SA_SIGINFO
SIGHUP: [libjvm.so+0x921b70], sa_mask[0]=11111111011111111101111111111110, sa_flags=SA_RESTART|SA_SIGINFO
SIGINT: [libjvm.so+0x921b70], sa_mask[0]=11111111011111111101111111111110, sa_flags=SA_RESTART|SA_SIGINFO
SIGTERM: [libjvm.so+0x921b70], sa_mask[0]=11111111011111111101111111111110, sa_flags=SA_RESTART|SA_SIGINFO
SIGQUIT: [libjvm.so+0x921b70], sa_mask[0]=11111111011111111101111111111110, sa_flags=SA_RESTART|SA_SIGINFO


---------------  S Y S T E M  ---------------

OS:DISTRIB_ID=LinuxMint
DISTRIB_RELEASE=18
DISTRIB_CODENAME=sarah
DISTRIB_DESCRIPTION="Linux Mint 18 Sarah"

uname:Linux 4.4.0-21-generic #37-Ubuntu SMP Mon Apr 18 18:33:37 UTC 2016 x86_64
libc:glibc 2.23 NPTL 2.23 
rlimit: STACK 8192k, CORE 0k, NPROC 23342, NOFILE 65536, AS infinity
load average:17.28 5.04 2.09

/proc/meminfo:
MemTotal:        6016824 kB
MemFree:          345272 kB
MemAvailable:     467500 kB
Buffers:            3360 kB
Cached:           382364 kB
SwapCached:        18396 kB
Active:          4317320 kB
Inactive:        1072732 kB
Active(anon):    4270756 kB
Inactive(anon):  1015408 kB
Active(file):      46564 kB
Inactive(file):    57324 kB
Unevictable:          16 kB
Mlocked:              16 kB
SwapTotal:       1998844 kB
SwapFree:          58184 kB
Dirty:               280 kB
Writeback:             0 kB
AnonPages:       4987648 kB
Mapped:           229376 kB
Shmem:            280748 kB
Slab:             110848 kB
SReclaimable:      54772 kB
SUnreclaim:        56076 kB
KernelStack:       16304 kB
PageTables:        94876 kB
NFS_Unstable:          0 kB
Bounce:                0 kB
WritebackTmp:          0 kB
CommitLimit:     5007256 kB
Committed_AS:   15599716 kB
VmallocTotal:   34359738367 kB
VmallocUsed:           0 kB
VmallocChunk:          0 kB
HardwareCorrupted:     0 kB
AnonHugePages:   1507328 kB
CmaTotal:              0 kB
CmaFree:               0 kB
HugePages_Total:       0
HugePages_Free:        0
HugePages_Rsvd:        0
HugePages_Surp:        0
Hugepagesize:       2048 kB
DirectMap4k:      248488 kB
DirectMap2M:     5949440 kB


CPU:total 4 (2 cores per cpu, 2 threads per core) family 6 model 42 stepping 7, cmov, cx8, fxsr, mmx, sse, sse2, sse3, ssse3, sse4.1, sse4.2, popcnt, avx, aes, clmul, ht, tsc, tscinvbit

/proc/cpuinfo:
processor	: 0
vendor_id	: GenuineIntel
cpu family	: 6
model		: 42
model name	: Intel(R) Core(TM) i5-2450M CPU @ 2.50GHz
stepping	: 7
microcode	: 0x29
cpu MHz		: 2900.000
cache size	: 3072 KB
physical id	: 0
siblings	: 4
core id		: 0
cpu cores	: 2
apicid		: 0
initial apicid	: 0
fpu		: yes
fpu_exception	: yes
cpuid level	: 13
wp		: yes
flags		: fpu vme de pse tsc msr pae mce cx8 apic sep mtrr pge mca cmov pat pse36 clflush dts acpi mmx fxsr sse sse2 ss ht tm pbe syscall nx rdtscp lm constant_tsc arch_perfmon pebs bts rep_good nopl xtopology nonstop_tsc aperfmperf eagerfpu pni pclmulqdq dtes64 monitor ds_cpl vmx est tm2 ssse3 cx16 xtpr pdcm pcid sse4_1 sse4_2 x2apic popcnt tsc_deadline_timer aes xsave avx lahf_lm epb tpr_shadow vnmi flexpriority ept vpid xsaveopt dtherm ida arat pln pts
bugs		:
bogomips	: 4988.63
clflush size	: 64
cache_alignment	: 64
address sizes	: 36 bits physical, 48 bits virtual
power management:

processor	: 1
vendor_id	: GenuineIntel
cpu family	: 6
model		: 42
model name	: Intel(R) Core(TM) i5-2450M CPU @ 2.50GHz
stepping	: 7
microcode	: 0x29
cpu MHz		: 2900.000
cache size	: 3072 KB
physical id	: 0
siblings	: 4
core id		: 1
cpu cores	: 2
apicid		: 2
initial apicid	: 2
fpu		: yes
fpu_exception	: yes
cpuid level	: 13
wp		: yes
flags		: fpu vme de pse tsc msr pae mce cx8 apic sep mtrr pge mca cmov pat pse36 clflush dts acpi mmx fxsr sse sse2 ss ht tm pbe syscall nx rdtscp lm constant_tsc arch_perfmon pebs bts rep_good nopl xtopology nonstop_tsc aperfmperf eagerfpu pni pclmulqdq dtes64 monitor ds_cpl vmx est tm2 ssse3 cx16 xtpr pdcm pcid sse4_1 sse4_2 x2apic popcnt tsc_deadline_timer aes xsave avx lahf_lm epb tpr_shadow vnmi flexpriority ept vpid xsaveopt dtherm ida arat pln pts
bugs		:
bogomips	: 4988.63
clflush size	: 64
cache_alignment	: 64
address sizes	: 36 bits physical, 48 bits virtual
power management:

processor	: 2
vendor_id	: GenuineIntel
cpu family	: 6
model		: 42
model name	: Intel(R) Core(TM) i5-2450M CPU @ 2.50GHz
stepping	: 7
microcode	: 0x29
cpu MHz		: 2900.195
cache size	: 3072 KB
physical id	: 0
siblings	: 4
core id		: 0
cpu cores	: 2
apicid		: 1
initial apicid	: 1
fpu		: yes
fpu_exception	: yes
cpuid level	: 13
wp		: yes
flags		: fpu vme de pse tsc msr pae mce cx8 apic sep mtrr pge mca cmov pat pse36 clflush dts acpi mmx fxsr sse sse2 ss ht tm pbe syscall nx rdtscp lm constant_tsc arch_perfmon pebs bts rep_good nopl xtopology nonstop_tsc aperfmperf eagerfpu pni pclmulqdq dtes64 monitor ds_cpl vmx est tm2 ssse3 cx16 xtpr pdcm pcid sse4_1 sse4_2 x2apic popcnt tsc_deadline_timer aes xsave avx lahf_lm epb tpr_shadow vnmi flexpriority ept vpid xsaveopt dtherm ida arat pln pts
bugs		:
bogomips	: 4988.63
clflush size	: 64
cache_alignment	: 64
address sizes	: 36 bits physical, 48 bits virtual
power management:

processor	: 3
vendor_id	: GenuineIntel
cpu family	: 6
model		: 42
model name	: Intel(R) Core(TM) i5-2450M CPU @ 2.50GHz
stepping	: 7
microcode	: 0x29
cpu MHz		: 2899.804
cache size	: 3072 KB
physical id	: 0
siblings	: 4
core id		: 1
cpu cores	: 2
apicid		: 3
initial apicid	: 3
fpu		: yes
fpu_exception	: yes
cpuid level	: 13
wp		: yes
flags		: fpu vme de pse tsc msr pae mce cx8 apic sep mtrr pge mca cmov pat pse36 clflush dts acpi mmx fxsr sse sse2 ss ht tm pbe syscall nx rdtscp lm constant_tsc arch_perfmon pebs bts rep_good nopl xtopology nonstop_tsc aperfmperf eagerfpu pni pclmulqdq dtes64 monitor ds_cpl vmx est tm2 ssse3 cx16 xtpr pdcm pcid sse4_1 sse4_2 x2apic popcnt tsc_deadline_timer aes xsave avx lahf_lm epb tpr_shadow vnmi flexpriority ept vpid xsaveopt dtherm ida arat pln pts
bugs		:
bogomips	: 4988.63
clflush size	: 64
cache_alignment	: 64
address sizes	: 36 bits physical, 48 bits virtual
power management:



Memory: 4k page, physical 6016824k(345272k free), swap 1998844k(58184k free)

vm_info: Java HotSpot(TM) 64-Bit Server VM (25.101-b13) for linux-amd64 JRE (1.8.0_101-b13), built on Jun 22 2016 02:59:44 by "java_re" with gcc 4.3.0 20080428 (Red Hat 4.3.0-8)

time: Sun Aug  7 18:37:30 2016
elapsed time: 29 seconds (0d 0h 0m 29s)

